0 info it worked if it ends with ok
1 verbose cli [ '/usr/local/bin/node', '/usr/local/bin/npm', 'start', 'watch' ]
2 info using npm@3.10.10
3 info using node@v6.11.4
4 verbose run-script [ 'prestart', 'start', 'poststart' ]
5 info lifecycle reactclass@1.0.0~prestart: reactclass@1.0.0
6 silly lifecycle reactclass@1.0.0~prestart: no script for prestart, continuing
7 info lifecycle reactclass@1.0.0~start: reactclass@1.0.0
8 verbose lifecycle reactclass@1.0.0~start: unsafe-perm in lifecycle true
9 verbose lifecycle reactclass@1.0.0~start: PATH: /usr/local/lib/node_modules/npm/bin/node-gyp-bin:/Users/lanceshi/developer/mern/reactClass/node_modules/.bin:/usr/local/bin:/usr/bin:/bin:/usr/sbin:/sbin
10 verbose lifecycle reactclass@1.0.0~start: CWD: /Users/lanceshi/developer/mern/reactClass
11 silly lifecycle reactclass@1.0.0~start: Args: [ '-c', 'node server.js "watch"' ]
12 silly lifecycle reactclass@1.0.0~start: Returned: code: 1  signal: null
13 info lifecycle reactclass@1.0.0~start: Failed to exec start script
14 verbose stack Error: reactclass@1.0.0 start: `node server.js "watch"`
14 verbose stack Exit status 1
14 verbose stack     at EventEmitter.<anonymous> (/usr/local/lib/node_modules/npm/lib/utils/lifecycle.js:255:16)
14 verbose stack     at emitTwo (events.js:106:13)
14 verbose stack     at EventEmitter.emit (events.js:191:7)
14 verbose stack     at ChildProcess.<anonymous> (/usr/local/lib/node_modules/npm/lib/utils/spawn.js:40:14)
14 verbose stack     at emitTwo (events.js:106:13)
14 verbose stack     at ChildProcess.emit (events.js:191:7)
14 verbose stack     at maybeClose (internal/child_process.js:920:16)
14 verbose stack     at Process.ChildProcess._handle.onexit (internal/child_process.js:230:5)
15 verbose pkgid reactclass@1.0.0
16 verbose cwd /Users/lanceshi/developer/mern/reactClass
17 error Darwin 15.6.0
18 error argv "/usr/local/bin/node" "/usr/local/bin/npm" "start" "watch"
19 error node v6.11.4
20 error npm  v3.10.10
21 error code ELIFECYCLE
22 error reactclass@1.0.0 start: `node server.js "watch"`
22 error Exit status 1
23 error Failed at the reactclass@1.0.0 start script 'node server.js "watch"'.
23 error Make sure you have the latest version of node.js and npm installed.
23 error If you do, this is most likely a problem with the reactclass package,
23 error not with npm itself.
23 error Tell the author that this fails on your system:
23 error     node server.js "watch"
23 error You can get information on how to open an issue for this project with:
23 error     npm bugs reactclass
23 error Or if that isn't available, you can get their info via:
23 error     npm owner ls reactclass
23 error There is likely additional logging output above.
24 verbose exit [ 1, true ]
